# JRE version: Java(TM) SE Runtime Environment (8.0_25-b18) (build 1.8.0_25-b18)
# Java VM: Java HotSpot(TM) 64-Bit Server VM (25.25-b02 mixed mode windows-amd64 compressed oops)
Heap:
 PSYoungGen      total 108544K, used 86408K [0x00000000f0580000, 0x00000000fb900000, 0x0000000100000000)
  eden space 93696K, 88% used [0x00000000f0580000,0x00000000f56eb368,0x00000000f6100000)
  from space 14848K, 20% used [0x00000000f6100000,0x00000000f63f6d18,0x00000000f6f80000)
  to   space 16896K, 0% used [0x00000000fa880000,0x00000000fa880000,0x00000000fb900000)
 ParOldGen       total 54784K, used 31429K [0x00000000d1000000, 0x00000000d4580000, 0x00000000f0580000)
  object space 54784K, 57% used [0x00000000d1000000,0x00000000d2eb17f8,0x00000000d4580000)
 Metaspace       used 24056K, capacity 24258K, committed 24576K, reserved 1071104K
  class space    used 2642K, capacity 2709K, committed 2816K, reserved 1048576K
GC Heap History (10 events):
Event: 9.092 GC heap before
{Heap before GC invocations=6 (full 0):
 PSYoungGen      total 26624K, used 26616K [0x00000000f0580000, 0x00000000f4380000, 0x0000000100000000)
  eden space 24576K, 100% used [0x00000000f0580000,0x00000000f1d80000,0x00000000f1d80000)
  from space 2048K, 99% used [0x00000000f1d80000,0x00000000f1f7e328,0x00000000f1f80000)
  to   space 7168K, 0% used [0x00000000f3c80000,0x00000000f3c80000,0x00000000f4380000)
 ParOldGen       total 32768K, used 13617K [0x00000000d1000000, 0x00000000d3000000, 0x00000000f0580000)
  object space 32768K, 41% used [0x00000000d1000000,0x00000000d1d4c640,0x00000000d3000000)
 Metaspace       used 19420K, capacity 19578K, committed 19968K, reserved 1067008K
  class space    used 2185K, capacity 2223K, committed 2304K, reserved 1048576K
Event: 9.136 GC heap after
Heap after GC invocations=6 (full 0):
 PSYoungGen      total 55296K, used 6599K [0x00000000f0580000, 0x00000000f4580000, 0x0000000100000000)
  eden space 48128K, 0% used [0x00000000f0580000,0x00000000f0580000,0x00000000f3480000)
  from space 7168K, 92% used [0x00000000f3c80000,0x00000000f42f1e18,0x00000000f4380000)
  to   space 8192K, 0% used [0x00000000f3480000,0x00000000f3480000,0x00000000f3c80000)
 ParOldGen       total 32768K, used 13617K [0x00000000d1000000, 0x00000000d3000000, 0x00000000f0580000)
  object space 32768K, 41% used [0x00000000d1000000,0x00000000d1d4c640,0x00000000d3000000)
 Metaspace       used 19420K, capacity 19578K, committed 19968K, reserved 1067008K
  class space    used 2185K, capacity 2223K, committed 2304K, reserved 1048576K
}
Event: 9.852 GC heap before
{Heap before GC invocations=7 (full 0):
 PSYoungGen      total 55296K, used 54727K [0x00000000f0580000, 0x00000000f4580000, 0x0000000100000000)
  eden space 48128K, 100% used [0x00000000f0580000,0x00000000f3480000,0x00000000f3480000)
  from space 7168K, 92% used [0x00000000f3c80000,0x00000000f42f1e18,0x00000000f4380000)
  to   space 8192K, 0% used [0x00000000f3480000,0x00000000f3480000,0x00000000f3c80000)
 ParOldGen       total 32768K, used 13617K [0x00000000d1000000, 0x00000000d3000000, 0x00000000f0580000)
  object space 32768K, 41% used [0x00000000d1000000,0x00000000d1d4c640,0x00000000d3000000)
 Metaspace       used 19583K, capacity 19770K, committed 19968K, reserved 1067008K
  class space    used 2186K, capacity 2223K, committed 2304K, reserved 1048576K
Event: 9.914 GC heap after
Heap after GC invocations=7 (full 0):
 PSYoungGen      total 56320K, used 8192K [0x00000000f0580000, 0x00000000f7b80000, 0x0000000100000000)
  eden space 48128K, 0% used [0x00000000f0580000,0x00000000f0580000,0x00000000f3480000)
  from space 8192K, 100% used [0x00000000f3480000,0x00000000f3c80000,0x00000000f3c80000)
  to   space 12288K, 0% used [0x00000000f6f80000,0x00000000f6f80000,0x00000000f7b80000)
 ParOldGen       total 32768K, used 19837K [0x00000000d1000000, 0x00000000d3000000, 0x00000000f0580000)
  object space 32768K, 60% used [0x00000000d1000000,0x00000000d235f4f8,0x00000000d3000000)
 Metaspace       used 19583K, capacity 19770K, committed 19968K, reserved 1067008K
  class space    used 2186K, capacity 2223K, committed 2304K, reserved 1048576K
}
Event: 10.421 GC heap before
{Heap before GC invocations=8 (full 0):
 PSYoungGen      total 56320K, used 56320K [0x00000000f0580000, 0x00000000f7b80000, 0x0000000100000000)
  eden space 48128K, 100% used [0x00000000f0580000,0x00000000f3480000,0x00000000f3480000)
  from space 8192K, 100% used [0x00000000f3480000,0x00000000f3c80000,0x00000000f3c80000)
  to   space 12288K, 0% used [0x00000000f6f80000,0x00000000f6f80000,0x00000000f7b80000)
 ParOldGen       total 32768K, used 19837K [0x00000000d1000000, 0x00000000d3000000, 0x00000000f0580000)
  object space 32768K, 60% used [0x00000000d1000000,0x00000000d235f4f8,0x00000000d3000000)
 Metaspace       used 19878K, capacity 20082K, committed 20480K, reserved 1067008K
  class space    used 2211K, capacity 2259K, committed 2304K, reserved 1048576K
Event: 10.468 GC heap after
Heap after GC invocations=8 (full 0):
 PSYoungGen      total 105984K, used 12288K [0x00000000f0580000, 0x00000000f8080000, 0x0000000100000000)
  eden space 93696K, 0% used [0x00000000f0580000,0x00000000f0580000,0x00000000f6100000)
  from space 12288K, 100% used [0x00000000f6f80000,0x00000000f7b80000,0x00000000f7b80000)
  to   space 14848K, 0% used [0x00000000f6100000,0x00000000f6100000,0x00000000f6f80000)
 ParOldGen       total 32768K, used 21217K [0x00000000d1000000, 0x00000000d3000000, 0x00000000f0580000)
  object space 32768K, 64% used [0x00000000d1000000,0x00000000d24b8618,0x00000000d3000000)
 Metaspace       used 19878K, capacity 20082K, committed 20480K, reserved 1067008K
  class space    used 2211K, capacity 2259K, committed 2304K, reserved 1048576K
}
Event: 12.105 GC heap before
{Heap before GC invocations=9 (full 0):
 PSYoungGen      total 105984K, used 74861K [0x00000000f0580000, 0x00000000f8080000, 0x0000000100000000)
  eden space 93696K, 66% used [0x00000000f0580000,0x00000000f429b640,0x00000000f6100000)
  from space 12288K, 100% used [0x00000000f6f80000,0x00000000f7b80000,0x00000000f7b80000)
  to   space 14848K, 0% used [0x00000000f6100000,0x00000000f6100000,0x00000000f6f80000)
 ParOldGen       total 32768K, used 21217K [0x00000000d1000000, 0x00000000d3000000, 0x00000000f0580000)
  object space 32768K, 64% used [0x00000000d1000000,0x00000000d24b8618,0x00000000d3000000)
 Metaspace       used 20794K, capacity 21010K, committed 21296K, reserved 1069056K
  class space    used 2305K, capacity 2355K, committed 2432K, reserved 1048576K
Event: 12.147 GC heap after
Heap after GC invocations=9 (full 0):
 PSYoungGen      total 108544K, used 13910K [0x00000000f0580000, 0x00000000fb900000, 0x0000000100000000)
  eden space 93696K, 0% used [0x00000000f0580000,0x00000000f0580000,0x00000000f6100000)
  from space 14848K, 93% used [0x00000000f6100000,0x00000000f6e95bd0,0x00000000f6f80000)
  to   space 16896K, 0% used [0x00000000fa880000,0x00000000fa880000,0x00000000fb900000)
 ParOldGen       total 32768K, used 25647K [0x00000000d1000000, 0x00000000d3000000, 0x00000000f0580000)
  object space 32768K, 78% used [0x00000000d1000000,0x00000000d290bdb8,0x00000000d3000000)
 Metaspace       used 20794K, capacity 21010K, committed 21296K, reserved 1069056K
  class space    used 2305K, capacity 2355K, committed 2432K, reserved 1048576K
}
Event: 12.147 GC heap before
{Heap before GC invocations=10 (full 1):
 PSYoungGen      total 108544K, used 13910K [0x00000000f0580000, 0x00000000fb900000, 0x0000000100000000)
  eden space 93696K, 0% used [0x00000000f0580000,0x00000000f0580000,0x00000000f6100000)
  from space 14848K, 93% used [0x00000000f6100000,0x00000000f6e95bd0,0x00000000f6f80000)
  to   space 16896K, 0% used [0x00000000fa880000,0x00000000fa880000,0x00000000fb900000)
 ParOldGen       total 32768K, used 25647K [0x00000000d1000000, 0x00000000d3000000, 0x00000000f0580000)
  object space 32768K, 78% used [0x00000000d1000000,0x00000000d290bdb8,0x00000000d3000000)
 Metaspace       used 20794K, capacity 21010K, committed 21296K, reserved 1069056K
  class space    used 2305K, capacity 2355K, committed 2432K, reserved 1048576K
Event: 12.540 GC heap after
Heap after GC invocations=10 (full 1):
 PSYoungGen      total 108544K, used 3035K [0x00000000f0580000, 0x00000000fb900000, 0x0000000100000000)
  eden space 93696K, 0% used [0x00000000f0580000,0x00000000f0580000,0x00000000f6100000)
  from space 14848K, 20% used [0x00000000f6100000,0x00000000f63f6d18,0x00000000f6f80000)
  to   space 16896K, 0% used [0x00000000fa880000,0x00000000fa880000,0x00000000fb900000)
 ParOldGen       total 54784K, used 31429K [0x00000000d1000000, 0x00000000d4580000, 0x00000000f0580000)
  object space 54784K, 57% used [0x00000000d1000000,0x00000000d2eb17f8,0x00000000d4580000)
 Metaspace       used 20793K, capacity 21008K, committed 21296K, reserved 1069056K
  class space    used 2304K, capacity 2354K, committed 2432K, reserved 1048576K
}

